#
# A fatal error has been detected by the Java Runtime Environment:
#
#  Internal Error (javaCalls.cpp:51), pid=6416, tid=0x0000000000005728
#  guarantee(thread->is_Java_thread()) failed: crucial check - the VM thread cannot and must not escape to Java code
#
# JRE version: Java(TM) SE Runtime Environment (8.0_181-b13) (build 1.8.0_181-b13)
# Java VM: Java HotSpot(TM) 64-Bit Server VM (25.181-b13 mixed mode windows-amd64 compressed oops)
# Failed to write core dump. Minidumps are not enabled by default on client versions of Windows
#
# If you would like to submit a bug report, please visit:
#   http://bugreport.java.com/bugreport/crash.jsp
#

---------------  T H R E A D  ---------------

Current thread (0x00000000186f8000):  VMThread [stack: 0x0000000019780000,0x0000000019880000] [id=22312]

Stack: [0x0000000019780000,0x0000000019880000]
[error occurred during error reporting (printing stack bounds), id 0xc0000005]

Native frames: (J=compiled Java code, j=interpreted, Vv=VM code, C=native code)

VM_Operation (0x000000001a1bf650): GetOrSetLocal, mode: safepoint, requested by thread 0x0000000018740000


---------------  P R O C E S S  ---------------

Java Threads: ( => current thread )
  0x000000001a970000 JavaThread "Okio Watchdog" daemon [_thread_blocked, id=6300, stack(0x0000000020460000,0x0000000020560000)]
  0x000000001bfe7800 JavaThread "Exec Stream Pumper" daemon [_thread_in_native, id=23884, stack(0x000000001fc60000,0x000000001fd60000)]
  0x000000001b642000 JavaThread "Exec Stream Pumper" daemon [_thread_in_native, id=22956, stack(0x000000001fb60000,0x000000001fc60000)]
  0x000000001b9b8000 JavaThread "Exec Default Executor" daemon [_thread_in_native, id=7676, stack(0x000000001d960000,0x000000001da60000)]
  0x000000001aab5000 JavaThread "ReaderThread" [_thread_in_native, id=17156, stack(0x000000001b4c0000,0x000000001b5c0000)]
  0x000000001a8e0000 JavaThread "Service Thread" daemon [_thread_blocked, id=20796, stack(0x000000001b2c0000,0x000000001b3c0000)]
  0x000000001a864800 JavaThread "C1 CompilerThread2" daemon [_thread_blocked, id=12464, stack(0x000000001b1c0000,0x000000001b2c0000)]
  0x000000001a864000 JavaThread "C2 CompilerThread1" daemon [_thread_blocked, id=7064, stack(0x000000001b0c0000,0x000000001b1c0000)]
  0x000000001a860000 JavaThread "C2 CompilerThread0" daemon [_thread_blocked, id=21576, stack(0x000000001afc0000,0x000000001b0c0000)]
  0x0000000018751000 JavaThread "JDWP Command Reader" daemon [_thread_in_native, id=13768, stack(0x000000001a2c0000,0x000000001a3c0000)]
  0x000000001874d000 JavaThread "JDWP Event Helper Thread" daemon [_thread_blocked, id=25152, stack(0x000000001a1c0000,0x000000001a2c0000)]
  0x0000000018740000 JavaThread "JDWP Transport Listener: dt_socket" daemon [_thread_blocked, id=23892, stack(0x000000001a0c0000,0x000000001a1c0000)]
  0x0000000018736000 JavaThread "Attach Listener" daemon [_thread_blocked, id=25532, stack(0x0000000019c80000,0x0000000019d80000)]
  0x0000000018734800 JavaThread "Signal Dispatcher" daemon [_thread_blocked, id=21992, stack(0x0000000019b80000,0x0000000019c80000)]
  0x0000000018720000 JavaThread "Finalizer" daemon [_thread_blocked, id=23812, stack(0x0000000019980000,0x0000000019a80000)]
  0x00000000186f9000 JavaThread "Reference Handler" daemon [_thread_blocked, id=25328, stack(0x0000000019880000,0x0000000019980000)]
  0x0000000002837000 JavaThread "main" [_thread_blocked, id=21408, stack(0x0000000002590000,0x0000000002690000)]

Other Threads:
=>0x00000000186f8000 VMThread [stack: 0x0000000019780000,0x0000000019880000] [id=22312]
  0x000000001a971800 WatcherThread [stack: 0x000000001b3c0000,0x000000001b4c0000] [id=11028]

VM state:at safepoint (normal execution)

VM Mutex/Monitor currently owned by a thread:  ([mutex/lock_event])
[0x0000000002833a30] Threads_lock - owner thread: 0x00000000186f8000

Heap:
 PSYoungGen      total 47616K, used 12946K [0x000000078b200000, 0x000000078e700000, 0x00000007c0000000)
  eden space 40960K, 15% used [0x000000078b200000,0x000000078b8285a0,0x000000078da00000)
  from space 6656K, 99% used [0x000000078e080000,0x000000078e6fc340,0x000000078e700000)
  to   space 6656K, 0% used [0x000000078da00000,0x000000078da00000,0x000000078e080000)
 ParOldGen       total 109568K, used 979K [0x0000000721600000, 0x0000000728100000, 0x000000078b200000)
  object space 109568K, 0% used [0x0000000721600000,0x00000007216f4c58,0x0000000728100000)
 Metaspace       used 18563K, capacity 19308K, committed 19584K, reserved 1067008K
  class space    used 2475K, capacity 2686K, committed 2688K, reserved 1048576K

Card table byte_map: [0x0000000011cf0000,0x00000000121f0000] byte_map_base: 0x000000000e3e5000

Marking Bits: (ParMarkBitMap*) 0x0000000067fd2d00
 Begin Bits: [0x0000000012940000, 0x00000000150e8000)
 End Bits:   [0x00000000150e8000, 0x0000000017890000)

Polling page: 0x0000000000cd0000

CodeCache: size=245760Kb used=7901Kb max_used=7901Kb free=237858Kb
 bounds [0x0000000002930000, 0x00000000030f0000, 0x0000000011930000]
 total_blobs=2383 nmethods=1973 adapters=330
 compilation: enabled

Compilation events (10 events):
Event: 18.975 Thread 0x000000001a864800 1969       3       com.google.common.collect.RegularImmutableMap::checkNoConflictInKeyBucket (42 bytes)
Event: 18.976 Thread 0x000000001a864800 nmethod 1969 0x00000000030de0d0 code [0x00000000030de280, 0x00000000030de828]
Event: 18.976 Thread 0x000000001a864800 1968       3       com.google.common.collect.ImmutableMap$Builder::put (35 bytes)
Event: 18.976 Thread 0x000000001a864800 nmethod 1968 0x00000000030e81d0 code [0x00000000030e8380, 0x00000000030e8878]
Event: 18.977 Thread 0x000000001a864800 1971       3       okhttp3.internal.Util::delimiterOffset (34 bytes)
Event: 18.977 Thread 0x000000001a864800 nmethod 1971 0x00000000030e76d0 code [0x00000000030e7880, 0x00000000030e7e78]
Event: 18.992 Thread 0x000000001a864800 1972       3       java.lang.Math::min (12 bytes)
Event: 18.992 Thread 0x000000001a864800 nmethod 1972 0x00000000030ddd50 code [0x00000000030ddea0, 0x00000000030de030]
Event: 18.993 Thread 0x000000001a864800 1973       3       com.google.common.collect.Maps::immutableEntry (10 bytes)
Event: 18.993 Thread 0x000000001a864800 nmethod 1973 0x00000000030e7110 code [0x00000000030e7280, 0x00000000030e7550]

GC Heap History (8 events):
Event: 3.422 GC heap before
{Heap before GC invocations=1 (full 0):
 PSYoungGen      total 47616K, used 40960K [0x000000078b200000, 0x000000078e700000, 0x00000007c0000000)
  eden space 40960K, 100% used [0x000000078b200000,0x000000078da00000,0x000000078da00000)
  from space 6656K, 0% used [0x000000078e080000,0x000000078e080000,0x000000078e700000)
  to   space 6656K, 0% used [0x000000078da00000,0x000000078da00000,0x000000078e080000)
 ParOldGen       total 109568K, used 0K [0x0000000721600000, 0x0000000728100000, 0x000000078b200000)
  object space 109568K, 0% used [0x0000000721600000,0x0000000721600000,0x0000000728100000)
 Metaspace       used 8059K, capacity 8178K, committed 8320K, reserved 1056768K
  class space    used 1072K, capacity 1105K, committed 1152K, reserved 1048576K
Event: 3.431 GC heap after
Heap after GC invocations=1 (full 0):
 PSYoungGen      total 47616K, used 4060K [0x000000078b200000, 0x000000078e700000, 0x00000007c0000000)
  eden space 40960K, 0% used [0x000000078b200000,0x000000078b200000,0x000000078da00000)
  from space 6656K, 61% used [0x000000078da00000,0x000000078ddf7300,0x000000078e080000)
  to   space 6656K, 0% used [0x000000078e080000,0x000000078e080000,0x000000078e700000)
 ParOldGen       total 109568K, used 8K [0x0000000721600000, 0x0000000728100000, 0x000000078b200000)
  object space 109568K, 0% used [0x0000000721600000,0x0000000721602000,0x0000000728100000)
 Metaspace       used 8059K, capacity 8178K, committed 8320K, reserved 1056768K
  class space    used 1072K, capacity 1105K, committed 1152K, reserved 1048576K
}
Event: 7.070 GC heap before
{Heap before GC invocations=2 (full 0):
 PSYoungGen      total 47616K, used 45020K [0x000000078b200000, 0x000000078e700000, 0x00000007c0000000)
  eden space 40960K, 100% used [0x000000078b200000,0x000000078da00000,0x000000078da00000)
  from space 6656K, 61% used [0x000000078da00000,0x000000078ddf7300,0x000000078e080000)
  to   space 6656K, 0% used [0x000000078e080000,0x000000078e080000,0x000000078e700000)
 ParOldGen       total 109568K, used 8K [0x0000000721600000, 0x0000000728100000, 0x000000078b200000)
  object space 109568K, 0% used [0x0000000721600000,0x0000000721602000,0x0000000728100000)
 Metaspace       used 12911K, capacity 13180K, committed 13312K, reserved 1060864K
  class space    used 1663K, capacity 1740K, committed 1792K, reserved 1048576K
Event: 7.083 GC heap after
Heap after GC invocations=2 (full 0):
 PSYoungGen      total 47616K, used 5938K [0x000000078b200000, 0x000000078e700000, 0x00000007c0000000)
  eden space 40960K, 0% used [0x000000078b200000,0x000000078b200000,0x000000078da00000)
  from space 6656K, 89% used [0x000000078e080000,0x000000078e64c980,0x000000078e700000)
  to   space 6656K, 0% used [0x000000078da00000,0x000000078da00000,0x000000078e080000)
 ParOldGen       total 109568K, used 24K [0x0000000721600000, 0x0000000728100000, 0x000000078b200000)
  object space 109568K, 0% used [0x0000000721600000,0x0000000721606000,0x0000000728100000)
 Metaspace       used 12911K, capacity 13180K, committed 13312K, reserved 1060864K
  class space    used 1663K, capacity 1740K, committed 1792K, reserved 1048576K
}
Event: 13.323 GC heap before
{Heap before GC invocations=3 (full 0):
 PSYoungGen      total 47616K, used 46898K [0x000000078b200000, 0x000000078e700000, 0x00000007c0000000)
  eden space 40960K, 100% used [0x000000078b200000,0x000000078da00000,0x000000078da00000)
  from space 6656K, 89% used [0x000000078e080000,0x000000078e64c980,0x000000078e700000)
  to   space 6656K, 0% used [0x000000078da00000,0x000000078da00000,0x000000078e080000)
 ParOldGen       total 109568K, used 24K [0x0000000721600000, 0x0000000728100000, 0x000000078b200000)
  object space 109568K, 0% used [0x0000000721600000,0x0000000721606000,0x0000000728100000)
 Metaspace       used 17014K, capacity 17722K, committed 17920K, reserved 1064960K
  class space    used 2261K, capacity 2459K, committed 2560K, reserved 1048576K
Event: 13.352 GC heap after
Heap after GC invocations=3 (full 0):
 PSYoungGen      total 47616K, used 6631K [0x000000078b200000, 0x000000078e700000, 0x00000007c0000000)
  eden space 40960K, 0% used [0x000000078b200000,0x000000078b200000,0x000000078da00000)
  from space 6656K, 99% used [0x000000078da00000,0x000000078e079df8,0x000000078e080000)
  to   space 6656K, 0% used [0x000000078e080000,0x000000078e080000,0x000000078e700000)
 ParOldGen       total 109568K, used 690K [0x0000000721600000, 0x0000000728100000, 0x000000078b200000)
  object space 109568K, 0% used [0x0000000721600000,0x00000007216ac928,0x0000000728100000)
 Metaspace       used 17014K, capacity 17722K, committed 17920K, reserved 1064960K
  class space    used 2261K, capacity 2459K, committed 2560K, reserved 1048576K
}
Event: 18.872 GC heap before
{Heap before GC invocations=4 (full 0):
 PSYoungGen      total 47616K, used 47591K [0x000000078b200000, 0x000000078e700000, 0x00000007c0000000)
  eden space 40960K, 100% used [0x000000078b200000,0x000000078da00000,0x000000078da00000)
  from space 6656K, 99% used [0x000000078da00000,0x000000078e079df8,0x000000078e080000)
  to   space 6656K, 0% used [0x000000078e080000,0x000000078e080000,0x000000078e700000)
 ParOldGen       total 109568K, used 690K [0x0000000721600000, 0x0000000728100000, 0x000000078b200000)
  object space 109568K, 0% used [0x0000000721600000,0x00000007216ac928,0x0000000728100000)
 Metaspace       used 18433K, capacity 19200K, committed 19328K, reserved 1067008K
  class space    used 2461K, capacity 2652K, committed 2688K, reserved 1048576K
Event: 18.889 GC heap after
Heap after GC invocations=4 (full 0):
 PSYoungGen      total 47616K, used 6640K [0x000000078b200000, 0x000000078e700000, 0x00000007c0000000)
  eden space 40960K, 0% used [0x000000078b200000,0x000000078b200000,0x000000078da00000)
  from space 6656K, 99% used [0x000000078e080000,0x000000078e6fc340,0x000000078e700000)
  to   space 6656K, 0% used [0x000000078da00000,0x000000078da00000,0x000000078e080000)
 ParOldGen       total 109568K, used 979K [0x0000000721600000, 0x0000000728100000, 0x000000078b200000)
  object space 109568K, 0% used [0x0000000721600000,0x00000007216f4c58,0x0000000728100000)
 Metaspace       used 18433K, capacity 19200K, committed 19328K, reserved 1067008K
  class space    used 2461K, capacity 2652K, committed 2688K, reserved 1048576K
}

Deoptimization events (10 events):
Event: 18.318 Thread 0x0000000002837000 Uncommon trap: reason=range_check action=none pc=0x0000000002c935e4 method=sun.reflect.generics.parser.SignatureParser.current()C @ 34
Event: 18.319 Thread 0x0000000002837000 Uncommon trap: reason=range_check action=none pc=0x0000000002c935e4 method=sun.reflect.generics.parser.SignatureParser.current()C @ 34
Event: 18.319 Thread 0x0000000002837000 Uncommon trap: reason=range_check action=none pc=0x0000000002c935e4 method=sun.reflect.generics.parser.SignatureParser.current()C @ 34
Event: 18.320 Thread 0x0000000002837000 Uncommon trap: reason=range_check action=none pc=0x0000000002c935e4 method=sun.reflect.generics.parser.SignatureParser.current()C @ 34
Event: 18.320 Thread 0x0000000002837000 Uncommon trap: reason=range_check action=none pc=0x0000000002c935e4 method=sun.reflect.generics.parser.SignatureParser.current()C @ 34
Event: 18.322 Thread 0x0000000002837000 Uncommon trap: reason=range_check action=none pc=0x0000000002c935e4 method=sun.reflect.generics.parser.SignatureParser.current()C @ 34
Event: 18.323 Thread 0x0000000002837000 Uncommon trap: reason=range_check action=none pc=0x0000000002c935e4 method=sun.reflect.generics.parser.SignatureParser.current()C @ 34
Event: 18.324 Thread 0x0000000002837000 Uncommon trap: reason=range_check action=none pc=0x0000000002c935e4 method=sun.reflect.generics.parser.SignatureParser.current()C @ 34
Event: 18.325 Thread 0x0000000002837000 Uncommon trap: reason=range_check action=none pc=0x0000000002c935e4 method=sun.reflect.generics.parser.SignatureParser.current()C @ 34
Event: 18.325 Thread 0x0000000002837000 Uncommon trap: reason=range_check action=none pc=0x0000000002c935e4 method=sun.reflect.generics.parser.SignatureParser.current()C @ 34

Classes redefined (5 events):
Event: 227.531 Thread 0x00000000186f8000 redefined class name=step_definition.TeamsSteps, count=1
Event: 1264.595 Thread 0x00000000186f8000 redefined class name=page_object.DashboardPage, count=1
Event: 1462.611 Thread 0x00000000186f8000 redefined class name=page_object.DashboardPage, count=2
Event: 1879.674 Thread 0x00000000186f8000 redefined class name=step_definition.TeamsSteps, count=2
Event: 2024.400 Thread 0x00000000186f8000 redefined class name=step_definition.TeamsSteps, count=3

Internal exceptions (10 events):
Event: 18.743 Thread 0x0000000002837000 Exception <a 'java/net/SocketTimeoutException': Read timed out> (0x000000078d1146c8) thrown at [C:\re\workspace\8-2-build-windows-amd64-cygwin\jdk8u181\11358\hotspot\src\share\vm\prims\jni.cpp, line 735]
Event: 18.789 Thread 0x0000000002837000 Exception <a 'java/net/SocketTimeoutException': Read timed out> (0x000000078d54b5c8) thrown at [C:\re\workspace\8-2-build-windows-amd64-cygwin\jdk8u181\11358\hotspot\src\share\vm\prims\jni.cpp, line 735]
Event: 18.821 Thread 0x0000000002837000 Exception <a 'java/net/SocketTimeoutException': Read timed out> (0x000000078d55ead0) thrown at [C:\re\workspace\8-2-build-windows-amd64-cygwin\jdk8u181\11358\hotspot\src\share\vm\prims\jni.cpp, line 735]
Event: 18.853 Thread 0x0000000002837000 Exception <a 'java/net/SocketTimeoutException': Read timed out> (0x000000078d9959d0) thrown at [C:\re\workspace\8-2-build-windows-amd64-cygwin\jdk8u181\11358\hotspot\src\share\vm\prims\jni.cpp, line 735]
Event: 18.916 Thread 0x0000000002837000 Exception <a 'java/net/SocketTimeoutException': Read timed out> (0x000000078b211540) thrown at [C:\re\workspace\8-2-build-windows-amd64-cygwin\jdk8u181\11358\hotspot\src\share\vm\prims\jni.cpp, line 735]
Event: 18.945 Thread 0x0000000002837000 Exception <a 'java/net/SocketTimeoutException': Read timed out> (0x000000078b6443f8) thrown at [C:\re\workspace\8-2-build-windows-amd64-cygwin\jdk8u181\11358\hotspot\src\share\vm\prims\jni.cpp, line 735]
Event: 18.976 Thread 0x0000000002837000 Exception <a 'java/net/SocketTimeoutException': Read timed out> (0x000000078b695328) thrown at [C:\re\workspace\8-2-build-windows-amd64-cygwin\jdk8u181\11358\hotspot\src\share\vm\prims\jni.cpp, line 735]
Event: 30.301 Thread 0x0000000002837000 Exception <a 'java/net/SocketTimeoutException': Read timed out> (0x000000078b765290) thrown at [C:\re\workspace\8-2-build-windows-amd64-cygwin\jdk8u181\11358\hotspot\src\share\vm\prims\jni.cpp, line 735]
Event: 57.556 Thread 0x0000000002837000 Exception <a 'java/net/SocketTimeoutException': Read timed out> (0x000000078b794d18) thrown at [C:\re\workspace\8-2-build-windows-amd64-cygwin\jdk8u181\11358\hotspot\src\share\vm\prims\jni.cpp, line 735]
Event: 57.806 Thread 0x0000000002837000 Exception <a 'java/net/SocketTimeoutException': Read timed out> (0x000000078b7b2e60) thrown at [C:\re\workspace\8-2-build-windows-amd64-cygwin\jdk8u181\11358\hotspot\src\share\vm\prims\jni.cpp, line 735]

Events (10 events):
Event: 2024.401 Executing VM operation: RedefineClasses done
Event: 2024.426 Executing VM operation: ChangeBreakpoints
Event: 2024.428 Executing VM operation: ChangeBreakpoints done
Event: 2024.429 Executing VM operation: ChangeBreakpoints
Event: 2024.431 Executing VM operation: ChangeBreakpoints done
Event: 2024.585 Executing VM operation: GetOwnedMonitorInfo
Event: 2024.585 Executing VM operation: GetOwnedMonitorInfo done
Event: 2024.585 Executing VM operation: GetCurrentContendedMonitor
Event: 2024.585 Executing VM operation: GetCurrentContendedMonitor done
Event: 2030.429 Executing VM operation: GetOrSetLocal


Dynamic libraries:
0x00007ff6f81c0000 - 0x00007ff6f81f7000 	C:\Program Files\Java\jdk1.8.0_181\bin\javaw.exe
0x00007ff982610000 - 0x00007ff982805000 	C:\Windows\SYSTEM32\ntdll.dll
0x00007ff980e90000 - 0x00007ff980f4e000 	C:\Windows\System32\KERNEL32.DLL
0x00007ff980160000 - 0x00007ff980429000 	C:\Windows\System32\KERNELBASE.dll
0x00007ff982520000 - 0x00007ff9825cc000 	C:\Windows\System32\ADVAPI32.dll
0x00007ff980660000 - 0x00007ff9806fe000 	C:\Windows\System32\msvcrt.dll
0x00007ff980f50000 - 0x00007ff980feb000 	C:\Windows\System32\sechost.dll
0x00007ff982380000 - 0x00007ff9824aa000 	C:\Windows\System32\RPCRT4.dll
0x00007ff981560000 - 0x00007ff981701000 	C:\Windows\System32\USER32.dll
0x00007ff97fd30000 - 0x00007ff97fd52000 	C:\Windows\System32\win32u.dll
0x00007ff982350000 - 0x00007ff98237b000 	C:\Windows\System32\GDI32.dll
0x00007ff980050000 - 0x00007ff98015b000 	C:\Windows\System32\gdi32full.dll
0x00007ff9805c0000 - 0x00007ff98065d000 	C:\Windows\System32\msvcp_win.dll
0x00007ff9804c0000 - 0x00007ff9805c0000 	C:\Windows\System32\ucrtbase.dll
0x00007ff971560000 - 0x00007ff9717fa000 	C:\Windows\WinSxS\amd64_microsoft.windows.common-controls_6595b64144ccf1df_6.0.19041.1110_none_60b5254171f9507e\COMCTL32.dll
0x00007ff980ba0000 - 0x00007ff980bd0000 	C:\Windows\System32\IMM32.DLL
0x0000000068060000 - 0x0000000068132000 	C:\Program Files\Java\jdk1.8.0_181\jre\bin\msvcr100.dll
0x00000000677b0000 - 0x0000000068052000 	C:\Program Files\Java\jdk1.8.0_181\jre\bin\server\jvm.dll
0x00007ff981480000 - 0x00007ff981488000 	C:\Windows\System32\PSAPI.DLL
0x00007ff977ef0000 - 0x00007ff977ef9000 	C:\Windows\SYSTEM32\WSOCK32.dll
0x00007ff9824b0000 - 0x00007ff98251b000 	C:\Windows\System32\WS2_32.dll
0x00007ff971b80000 - 0x00007ff971ba7000 	C:\Windows\SYSTEM32\WINMM.dll
0x00007ff977280000 - 0x00007ff97728a000 	C:\Windows\SYSTEM32\VERSION.dll
0x0000000068210000 - 0x000000006821f000 	C:\Program Files\Java\jdk1.8.0_181\jre\bin\verify.dll
0x0000000067780000 - 0x00000000677a9000 	C:\Program Files\Java\jdk1.8.0_181\jre\bin\java.dll
0x0000000067740000 - 0x0000000067775000 	C:\Program Files\Java\jdk1.8.0_181\jre\bin\jdwp.dll
0x0000000068200000 - 0x0000000068208000 	C:\Program Files\Java\jdk1.8.0_181\jre\bin\npt.dll
0x0000000067710000 - 0x0000000067733000 	C:\Program Files\Java\jdk1.8.0_181\jre\bin\instrument.dll
0x00000000676f0000 - 0x0000000067706000 	C:\Program Files\Java\jdk1.8.0_181\jre\bin\zip.dll
0x00007ff981ad0000 - 0x00007ff98220f000 	C:\Windows\System32\SHELL32.dll
0x00007ff97de10000 - 0x00007ff97e5a0000 	C:\Windows\SYSTEM32\windows.storage.dll
0x00007ff981120000 - 0x00007ff981475000 	C:\Windows\System32\combase.dll
0x00007ff97f780000 - 0x00007ff97f7ac000 	C:\Windows\SYSTEM32\Wldp.dll
0x00007ff980de0000 - 0x00007ff980e8e000 	C:\Windows\System32\SHCORE.dll
0x00007ff981010000 - 0x00007ff981065000 	C:\Windows\System32\shlwapi.dll
0x00007ff97fc70000 - 0x00007ff97fc8f000 	C:\Windows\SYSTEM32\profapi.dll
0x00000000676e0000 - 0x00000000676e9000 	C:\Program Files\Java\jdk1.8.0_181\jre\bin\dt_socket.dll
0x00007ff96cb80000 - 0x00007ff96cb97000 	C:\Windows\system32\napinsp.dll
0x00007ff96aed0000 - 0x00007ff96aeeb000 	C:\Windows\system32\pnrpnsp.dll
0x00007ff97a430000 - 0x00007ff97a445000 	C:\Windows\system32\wshbth.dll
0x00007ff97af00000 - 0x00007ff97af1d000 	C:\Windows\system32\NLAapi.dll
0x00007ff97f180000 - 0x00007ff97f1bb000 	C:\Windows\SYSTEM32\IPHLPAPI.DLL
0x00007ff97f4e0000 - 0x00007ff97f54a000 	C:\Windows\System32\mswsock.dll
0x00007ff97f1d0000 - 0x00007ff97f29c000 	C:\Windows\SYSTEM32\DNSAPI.dll
0x00007ff980ff0000 - 0x00007ff980ff8000 	C:\Windows\System32\NSI.dll
0x00007ff96aeb0000 - 0x00007ff96aec2000 	C:\Windows\System32\winrnr.dll
0x00007ff9710b0000 - 0x00007ff97112f000 	C:\Windows\System32\fwpuclnt.dll
0x00007ff980430000 - 0x00007ff980457000 	C:\Windows\System32\bcrypt.dll
0x00007ff970fe0000 - 0x00007ff970fea000 	C:\Windows\System32\rasadhlp.dll
0x00000000676c0000 - 0x00000000676da000 	C:\Program Files\Java\jdk1.8.0_181\jre\bin\net.dll
0x0000000067690000 - 0x00000000676b4000 	C:\Program Files\Java\jdk1.8.0_181\jre\bin\sunec.dll
0x0000000067680000 - 0x000000006768b000 	C:\Program Files\Java\jdk1.8.0_181\jre\bin\sunmscapi.dll
0x00007ff97fea0000 - 0x00007ff97fff6000 	C:\Windows\System32\CRYPT32.dll
0x00007ff976ce0000 - 0x00007ff976cf7000 	C:\Windows\SYSTEM32\dhcpcsvc6.DLL
0x00007ff977070000 - 0x00007ff97708d000 	C:\Windows\SYSTEM32\dhcpcsvc.DLL
0x0000000067660000 - 0x0000000067671000 	C:\Program Files\Java\jdk1.8.0_181\jre\bin\nio.dll
0x00007ff97f6d0000 - 0x00007ff97f6e8000 	C:\Windows\SYSTEM32\CRYPTSP.dll
0x00007ff97edf0000 - 0x00007ff97ee24000 	C:\Windows\system32\rsaenh.dll
0x00007ff97fbf0000 - 0x00007ff97fc1e000 	C:\Windows\SYSTEM32\USERENV.dll
0x00007ff97fe10000 - 0x00007ff97fe93000 	C:\Windows\System32\bcryptprimitives.dll
0x00007ff97f6f0000 - 0x00007ff97f6fc000 	C:\Windows\SYSTEM32\CRYPTBASE.dll

VM Arguments:
jvm_args: -agentlib:jdwp=transport=dt_socket,suspend=y,address=localhost:50038 -ea -javaagent:C:\Users\user\eclipse\java-2021-03\eclipse\configuration\org.eclipse.osgi\222\0\.cp\lib\javaagent-shaded.jar -Dfile.encoding=UTF-8 
java_command: org.eclipse.jdt.internal.junit.runner.RemoteTestRunner -version 3 -port 50037 -testLoaderClass org.eclipse.jdt.internal.junit4.runner.JUnit4TestLoader -loaderpluginname org.eclipse.jdt.junit4.runtime -testNameFile C:\Users\user\AppData\Local\Temp\testNames17288980437785508452.txt
java_class_path (initial): C:\Users\user\eclipse-workspace\CicleApp\target\test-classes;C:\Users\user\eclipse-workspace\CicleApp\target\classes;C:\Users\user\.m2\repository\info\cukes\cucumber-java\1.2.5\cucumber-java-1.2.5.jar;C:\Users\user\.m2\repository\info\cukes\cucumber-core\1.2.5\cucumber-core-1.2.5.jar;C:\Users\user\.m2\repository\info\cukes\cucumber-html\0.2.3\cucumber-html-0.2.3.jar;C:\Users\user\.m2\repository\info\cukes\cucumber-jvm-deps\1.0.5\cucumber-jvm-deps-1.0.5.jar;C:\Users\user\.m2\repository\info\cukes\gherkin\2.12.2\gherkin-2.12.2.jar;C:\Users\user\.m2\repository\info\cukes\cucumber-junit\1.2.5\cucumber-junit-1.2.5.jar;C:\Users\user\.m2\repository\org\seleniumhq\selenium\selenium-java\3.141.59\selenium-java-3.141.59.jar;C:\Users\user\.m2\repository\org\seleniumhq\selenium\selenium-api\3.141.59\selenium-api-3.141.59.jar;C:\Users\user\.m2\repository\org\seleniumhq\selenium\selenium-chrome-driver\3.141.59\selenium-chrome-driver-3.141.59.jar;C:\Users\user\.m2\repository\org\seleniumhq\selenium\selenium-edge-driver\3.141.59\selenium-edge-driver-3.141.59.jar;C:\Users\user\.m2\repository\org\seleniumhq\selenium\selenium-firefox-driver\3.141.59\selenium-firefox-driver-3.141.59.jar;C:\Users\user\.m2\repository\org\seleniumhq\selenium\selenium-ie-driver\3.141.59\selenium-ie-driver-3.141.59.jar;C:\Users\user\.m2\repository\org\seleniumhq\selenium\selenium-opera-driver\3.141.59\selenium-opera-driver-3.141.59.jar;C:\Users\user\.m2\repository\org\seleniumhq\selenium\selenium-remote-driver\3.141.59\selenium-remote-driver-3.141.59.jar;C:\Users\user\.m2\repository\org\seleniumhq\selenium\selenium-safari-driver\3.141.59\selenium-safari-driver-3.141.59.jar;C:\Users\user\.m2\repository\org\seleniumhq\selenium\selenium-support\3.141.59\selenium-support-3.141.59.jar;C:\Users\user\.m2\repository\net\bytebuddy\byte-buddy\1.8.15\byte-buddy-1.8.15.jar;C:\Users\user\.m2\repository\org\apache\commons\commons-exec\1.3\commons-exec-1.3.jar;C:\Users\user\.m2\repository\com\
Launcher Type: SUN_STANDARD

Environment Variables:
JAVA_HOME=C:\Program Files\Java\jdk1.8.0_181
PATH=C:\Program Files\Java\jdk1.8.0_181\jre\bin;C:/Users/user/.p2/pool/plugins/org.eclipse.justj.openjdk.hotspot.jre.full.win32.x86_64_15.0.2.v20210201-0955/jre/bin/server;C:/Users/user/.p2/pool/plugins/org.eclipse.justj.openjdk.hotspot.jre.full.win32.x86_64_15.0.2.v20210201-0955/jre/bin;C:\Python27\;C:\Python27\Scripts;C:\Program Files (x86)\Common Files\Oracle\Java\javapath;C:\Program Files (x86)\Common Files\Intel\Shared Files\cpp\bin\Intel64;C:\Windows\system32;C:\Windows;C:\Windows\System32\Wbem;C:\Windows\System32\WindowsPowerShell\v1.0\;C:\Windows\System32\OpenSSH\;C:\Program Files (x86)\NVIDIA Corporation\PhysX\Common;C:\Program Files\Java\jdk1.8.0_181\bin;C:\apache-maven-3.8.1-bin\apache-maven-3.8.1\bin;C:\Program Files\Git\cmd;C:\Program Files\nodejs\;C:\Users\user\.katalon\tools\android_sdk\platform-tools;C:\Users\user\.katalon\tools\android_sdk\bin;JAVA_HOME\bin;C:\Users\user\AppData\Local\Microsoft\WindowsApps;C:\Users\user\AppData\Roaming\npm;C:\Program Files\Java\jdk1.8.0_181\bin;;C:\Windows\System32;
USERNAME=user
OS=Windows_NT
PROCESSOR_IDENTIFIER=Intel64 Family 6 Model 69 Stepping 1, GenuineIntel



---------------  S Y S T E M  ---------------

OS: Windows 10.0 , 64 bit Build 19041 (10.0.19041.1202)

CPU:total 4 (initial active 4) (2 cores per cpu, 2 threads per core) family 6 model 69 stepping 1, cmov, cx8, fxsr, mmx, sse, sse2, sse3, ssse3, sse4.1, sse4.2, popcnt, avx, avx2, aes, clmul, erms, lzcnt, ht, tsc, tscinvbit, bmi1, bmi2

Memory: 4k page, physical 10388900k(3307672k free), swap 17204644k(5876340k free)

vm_info: Java HotSpot(TM) 64-Bit Server VM (25.181-b13) for windows-amd64 JRE (1.8.0_181-b13), built on Jul  7 2018 04:01:33 by "java_re" with MS VC++ 10.0 (VS2010)

time: Tue Oct 12 20:30:09 2021
elapsed time: 2030 seconds (0d 0h 33m 50s)

