#
# A fatal error has been detected by the Java Runtime Environment:
#
#  EXCEPTION_ACCESS_VIOLATION (0xc0000005) at pc=0x000000006798de93, pid=10176, tid=0x0000000000002688
#
# JRE version: Java(TM) SE Runtime Environment (8.0_181-b13) (build 1.8.0_181-b13)
# Java VM: Java HotSpot(TM) 64-Bit Server VM (25.181-b13 mixed mode windows-amd64 compressed oops)
# Problematic frame:
# V  [jvm.dll+0xfde93]
#
# Failed to write core dump. Minidumps are not enabled by default on client versions of Windows
#
# If you would like to submit a bug report, please visit:
#   http://bugreport.java.com/bugreport/crash.jsp
#

---------------  T H R E A D  ---------------

Current thread (0x00000000190c7800):  VMThread [stack: 0x000000001a150000,0x000000001a250000] [id=9864]

siginfo: ExceptionCode=0xc0000005, reading address 0xffffffffffffffff

Registers:
RAX=0x000000000000000b, RBX=0x000000001a24eec0, RCX=0x000000001a24eec0, RDX=0xffffffffffffca4b
RSP=0x000000001a24ec70, RBP=0x000000001a24ece0, RSI=0x000000001a24eec0, RDI=0x00000000000000a7
R8 =0x000000000000000b, R9 =0x0000000018fd54a0, R10=0x03ffffffffffff29, R11=0x0000000018e413df
R12=0x0000000000000000, R13=0x000000006798de70, R14=0x000000000000003f, R15=0x0000000000000001
RIP=0x000000006798de93, EFLAGS=0x0000000000010a02

Top of Stack: (sp=0x000000001a24ec70)
0x000000001a24ec70:   000000001a24eec0 000000001a24ece0
0x000000001a24ec80:   000000000000003f 00000000679425ce
0x000000001a24ec90:   000000001a24eec0 000000006798fca0
0x000000001a24eca0:   0000c3646e3a0cca 000000001a24eec0
0x000000001a24ecb0:   000000001a24eec0 000000006798f756
0x000000001a24ecc0:   000000001a24ed30 0000000018e413be
0x000000001a24ecd0:   00000000ffffff58 000000006798f756
0x000000001a24ece0:   00000000000003d8 0000000018fd57d8
0x000000001a24ecf0:   0000000000000000 00000000000000a7
0x000000001a24ed00:   00000000190c7800 0000000067990704
0x000000001a24ed10:   000000001a24eec0 0000000000000000
0x000000001a24ed20:   000000000000003f 000000000000003e
0x000000001a24ed30:   0000000018e41458 00000000190c7800
0x000000001a24ed40:   000000420000003f 000000a700000059
0x000000001a24ed50:   000000001fc00000 00000000000000a7
0x000000001a24ed60:   0000000000000003 00000000000003d8 

Instructions: (pc=0x000000006798de93)
0x000000006798de73:   83 ec 20 4c 8b 89 90 00 00 00 48 63 d2 48 8b d9
0x000000006798de83:   0f b6 c2 4c 8b d2 24 3f 49 c1 ea 06 44 0f b6 c0
0x000000006798de93:   4b 8b 04 d1 4c 0f a3 c0 72 0f 48 83 c1 70 41 b0
0x000000006798dea3:   01 e8 b7 82 17 00 ff 43 6c 48 83 c4 20 5b c3 cc 


Register to memory mapping:

RAX=0x000000000000000b is an unknown value
RBX=0x000000001a24eec0 is an unknown value
RCX=0x000000001a24eec0 is an unknown value
RDX=0xffffffffffffca4b is an unknown value
RSP=0x000000001a24ec70 is an unknown value
RBP=0x000000001a24ece0 is an unknown value
RSI=0x000000001a24eec0 is an unknown value
RDI=0x00000000000000a7 is an unknown value
R8 =0x000000000000000b is an unknown value
R9 =0x0000000018fd54a0 is an unknown value
R10=0x03ffffffffffff29 is an unknown value
R11=0x0000000018e413df is pointing into metadata
R12=0x0000000000000000 is an unknown value
R13=0x000000006798de70 is an unknown value
R14=0x000000000000003f is an unknown value
R15=0x0000000000000001 is an unknown value


Stack: [0x000000001a150000,0x000000001a250000],  sp=0x000000001a24ec70,  free space=1019k
Native frames: (J=compiled Java code, j=interpreted, Vv=VM code, C=native code)
V  [jvm.dll+0xfde93]
V  [jvm.dll+0xffca0]
V  [jvm.dll+0x100704]
V  [jvm.dll+0x103ae4]
V  [jvm.dll+0xc50be]
V  [jvm.dll+0xc5748]
V  [jvm.dll+0xc587a]
V  [jvm.dll+0xc5a78]
V  [jvm.dll+0x10f94a]
V  [jvm.dll+0x12d22f]
V  [jvm.dll+0x1bf3df]
V  [jvm.dll+0x24cc27]
V  [jvm.dll+0x24bec6]
V  [jvm.dll+0x24c361]
V  [jvm.dll+0x24c57e]
V  [jvm.dll+0x29e64a]
C  [msvcr100.dll+0x21d9f]
C  [msvcr100.dll+0x21e3b]
C  [KERNEL32.DLL+0x17034]
C  [ntdll.dll+0x52651]

VM_Operation (0x000000001ab8f4f0): GetOrSetLocal, mode: safepoint, requested by thread 0x0000000019110000


---------------  P R O C E S S  ---------------

Java Threads: ( => current thread )
  0x000000001d1da800 JavaThread "Okio Watchdog" daemon [_thread_blocked, id=22632, stack(0x0000000020d80000,0x0000000020e80000)]
  0x000000001df22800 JavaThread "Exec Stream Pumper" daemon [_thread_in_native, id=8364, stack(0x000000001e330000,0x000000001e430000)]
  0x000000001ec6e000 JavaThread "Exec Stream Pumper" daemon [_thread_in_native, id=16576, stack(0x000000001e230000,0x000000001e330000)]
  0x000000001c1c8000 JavaThread "Exec Default Executor" daemon [_thread_in_native, id=15364, stack(0x000000001e130000,0x000000001e230000)]
  0x000000001b57f000 JavaThread "ReaderThread" [_thread_in_native, id=22736, stack(0x000000001be90000,0x000000001bf90000)]
  0x000000001b23d000 JavaThread "Service Thread" daemon [_thread_blocked, id=9452, stack(0x000000001bc90000,0x000000001bd90000)]
  0x000000001b22e000 JavaThread "C1 CompilerThread2" daemon [_thread_blocked, id=14976, stack(0x000000001bb90000,0x000000001bc90000)]
  0x000000001b242000 JavaThread "C2 CompilerThread1" daemon [_thread_blocked, id=27500, stack(0x000000001ba90000,0x000000001bb90000)]
  0x000000001b241800 JavaThread "C2 CompilerThread0" daemon [_thread_blocked, id=15924, stack(0x000000001b990000,0x000000001ba90000)]
  0x0000000019121800 JavaThread "JDWP Command Reader" daemon [_thread_in_native, id=8264, stack(0x000000001ac90000,0x000000001ad90000)]
  0x000000001911e000 JavaThread "JDWP Event Helper Thread" daemon [_thread_blocked, id=13980, stack(0x000000001ab90000,0x000000001ac90000)]
  0x0000000019110000 JavaThread "JDWP Transport Listener: dt_socket" daemon [_thread_blocked, id=15452, stack(0x000000001aa90000,0x000000001ab90000)]
  0x0000000019106000 JavaThread "Attach Listener" daemon [_thread_blocked, id=15384, stack(0x000000001a650000,0x000000001a750000)]
  0x0000000019104000 JavaThread "Signal Dispatcher" daemon [_thread_blocked, id=20700, stack(0x000000001a550000,0x000000001a650000)]
  0x00000000190f0000 JavaThread "Finalizer" daemon [_thread_blocked, id=14772, stack(0x000000001a350000,0x000000001a450000)]
  0x00000000190c8800 JavaThread "Reference Handler" daemon [_thread_blocked, id=14340, stack(0x000000001a250000,0x000000001a350000)]
  0x0000000003207000 JavaThread "main" [_thread_blocked, id=11500, stack(0x0000000002f00000,0x0000000003000000)]

Other Threads:
=>0x00000000190c7800 VMThread [stack: 0x000000001a150000,0x000000001a250000] [id=9864]
  0x000000001b32a000 WatcherThread [stack: 0x000000001bd90000,0x000000001be90000] [id=27032]

VM state:at safepoint (normal execution)

VM Mutex/Monitor currently owned by a thread:  ([mutex/lock_event])
[0x0000000003203eb0] Threads_lock - owner thread: 0x00000000190c7800

Heap:
 PSYoungGen      total 47616K, used 12943K [0x000000078b200000, 0x000000078e700000, 0x00000007c0000000)
  eden space 40960K, 15% used [0x000000078b200000,0x000000078b828bb8,0x000000078da00000)
  from space 6656K, 99% used [0x000000078e080000,0x000000078e6fb278,0x000000078e700000)
  to   space 6656K, 0% used [0x000000078da00000,0x000000078da00000,0x000000078e080000)
 ParOldGen       total 109568K, used 932K [0x0000000721600000, 0x0000000728100000, 0x000000078b200000)
  object space 109568K, 0% used [0x0000000721600000,0x00000007216e93c8,0x0000000728100000)
 Metaspace       used 18565K, capacity 19308K, committed 19584K, reserved 1067008K
  class space    used 2479K, capacity 2686K, committed 2688K, reserved 1048576K

Card table byte_map: [0x00000000126c0000,0x0000000012bc0000] byte_map_base: 0x000000000edb5000

Marking Bits: (ParMarkBitMap*) 0x00000000680b2d00
 Begin Bits: [0x0000000013310000, 0x0000000015ab8000)
 End Bits:   [0x0000000015ab8000, 0x0000000018260000)

Polling page: 0x00000000015a0000

CodeCache: size=245760Kb used=8049Kb max_used=8049Kb free=237710Kb
 bounds [0x0000000003300000, 0x0000000003af0000, 0x0000000012300000]
 total_blobs=2365 nmethods=1955 adapters=330
 compilation: enabled

Compilation events (10 events):
Event: 16.245 Thread 0x000000001b22e000 1950       3       com.google.common.collect.ImmutableMap$Builder::ensureCapacity (38 bytes)
Event: 16.246 Thread 0x000000001b22e000 nmethod 1950 0x0000000003adb110 code [0x0000000003adb2a0, 0x0000000003adb6f8]
Event: 16.246 Thread 0x000000001b22e000 1951       3       com.google.common.collect.ImmutableMap$Builder::put (35 bytes)
Event: 16.247 Thread 0x000000001b22e000 nmethod 1951 0x0000000003ada7d0 code [0x0000000003ada980, 0x0000000003adae78]
Event: 16.252 Thread 0x000000001b22e000 1954       3       okio.Buffer::writeUtf8 (543 bytes)
Event: 16.257 Thread 0x000000001b22e000 nmethod 1954 0x0000000003adc250 code [0x0000000003adc6e0, 0x0000000003adeef8]
Event: 16.287 Thread 0x000000001b22e000 1955       3       java.lang.Math::min (12 bytes)
Event: 16.287 Thread 0x000000001b22e000 nmethod 1955 0x0000000003ad60d0 code [0x0000000003ad6220, 0x0000000003ad63b0]
Event: 16.289 Thread 0x000000001b22e000 1956       3       com.google.common.collect.Maps::immutableEntry (10 bytes)
Event: 16.290 Thread 0x000000001b22e000 nmethod 1956 0x0000000003ada210 code [0x0000000003ada380, 0x0000000003ada650]

GC Heap History (8 events):
Event: 2.526 GC heap before
{Heap before GC invocations=1 (full 0):
 PSYoungGen      total 47616K, used 40960K [0x000000078b200000, 0x000000078e700000, 0x00000007c0000000)
  eden space 40960K, 100% used [0x000000078b200000,0x000000078da00000,0x000000078da00000)
  from space 6656K, 0% used [0x000000078e080000,0x000000078e080000,0x000000078e700000)
  to   space 6656K, 0% used [0x000000078da00000,0x000000078da00000,0x000000078e080000)
 ParOldGen       total 109568K, used 0K [0x0000000721600000, 0x0000000728100000, 0x000000078b200000)
  object space 109568K, 0% used [0x0000000721600000,0x0000000721600000,0x0000000728100000)
 Metaspace       used 8055K, capacity 8178K, committed 8320K, reserved 1056768K
  class space    used 1072K, capacity 1105K, committed 1152K, reserved 1048576K
Event: 2.536 GC heap after
Heap after GC invocations=1 (full 0):
 PSYoungGen      total 47616K, used 4062K [0x000000078b200000, 0x000000078e700000, 0x00000007c0000000)
  eden space 40960K, 0% used [0x000000078b200000,0x000000078b200000,0x000000078da00000)
  from space 6656K, 61% used [0x000000078da00000,0x000000078ddf7870,0x000000078e080000)
  to   space 6656K, 0% used [0x000000078e080000,0x000000078e080000,0x000000078e700000)
 ParOldGen       total 109568K, used 8K [0x0000000721600000, 0x0000000728100000, 0x000000078b200000)
  object space 109568K, 0% used [0x0000000721600000,0x0000000721602000,0x0000000728100000)
 Metaspace       used 8055K, capacity 8178K, committed 8320K, reserved 1056768K
  class space    used 1072K, capacity 1105K, committed 1152K, reserved 1048576K
}
Event: 4.749 GC heap before
{Heap before GC invocations=2 (full 0):
 PSYoungGen      total 47616K, used 45022K [0x000000078b200000, 0x000000078e700000, 0x00000007c0000000)
  eden space 40960K, 100% used [0x000000078b200000,0x000000078da00000,0x000000078da00000)
  from space 6656K, 61% used [0x000000078da00000,0x000000078ddf7870,0x000000078e080000)
  to   space 6656K, 0% used [0x000000078e080000,0x000000078e080000,0x000000078e700000)
 ParOldGen       total 109568K, used 8K [0x0000000721600000, 0x0000000728100000, 0x000000078b200000)
  object space 109568K, 0% used [0x0000000721600000,0x0000000721602000,0x0000000728100000)
 Metaspace       used 12900K, capacity 13116K, committed 13312K, reserved 1060864K
  class space    used 1664K, capacity 1740K, committed 1792K, reserved 1048576K
Event: 4.759 GC heap after
Heap after GC invocations=2 (full 0):
 PSYoungGen      total 47616K, used 5881K [0x000000078b200000, 0x000000078e700000, 0x00000007c0000000)
  eden space 40960K, 0% used [0x000000078b200000,0x000000078b200000,0x000000078da00000)
  from space 6656K, 88% used [0x000000078e080000,0x000000078e63e540,0x000000078e700000)
  to   space 6656K, 0% used [0x000000078da00000,0x000000078da00000,0x000000078e080000)
 ParOldGen       total 109568K, used 24K [0x0000000721600000, 0x0000000728100000, 0x000000078b200000)
  object space 109568K, 0% used [0x0000000721600000,0x0000000721606000,0x0000000728100000)
 Metaspace       used 12900K, capacity 13116K, committed 13312K, reserved 1060864K
  class space    used 1664K, capacity 1740K, committed 1792K, reserved 1048576K
}
Event: 9.501 GC heap before
{Heap before GC invocations=3 (full 0):
 PSYoungGen      total 47616K, used 46841K [0x000000078b200000, 0x000000078e700000, 0x00000007c0000000)
  eden space 40960K, 100% used [0x000000078b200000,0x000000078da00000,0x000000078da00000)
  from space 6656K, 88% used [0x000000078e080000,0x000000078e63e540,0x000000078e700000)
  to   space 6656K, 0% used [0x000000078da00000,0x000000078da00000,0x000000078e080000)
 ParOldGen       total 109568K, used 24K [0x0000000721600000, 0x0000000728100000, 0x000000078b200000)
  object space 109568K, 0% used [0x0000000721600000,0x0000000721606000,0x0000000728100000)
 Metaspace       used 17021K, capacity 17722K, committed 17920K, reserved 1064960K
  class space    used 2264K, capacity 2459K, committed 2560K, reserved 1048576K
Event: 9.520 GC heap after
Heap after GC invocations=3 (full 0):
 PSYoungGen      total 47616K, used 6651K [0x000000078b200000, 0x000000078e700000, 0x00000007c0000000)
  eden space 40960K, 0% used [0x000000078b200000,0x000000078b200000,0x000000078da00000)
  from space 6656K, 99% used [0x000000078da00000,0x000000078e07ec98,0x000000078e080000)
  to   space 6656K, 0% used [0x000000078e080000,0x000000078e080000,0x000000078e700000)
 ParOldGen       total 109568K, used 650K [0x0000000721600000, 0x0000000728100000, 0x000000078b200000)
  object space 109568K, 0% used [0x0000000721600000,0x00000007216a2ab8,0x0000000728100000)
 Metaspace       used 17021K, capacity 17722K, committed 17920K, reserved 1064960K
  class space    used 2264K, capacity 2459K, committed 2560K, reserved 1048576K
}
Event: 13.143 GC heap before
{Heap before GC invocations=4 (full 0):
 PSYoungGen      total 47616K, used 47611K [0x000000078b200000, 0x000000078e700000, 0x00000007c0000000)
  eden space 40960K, 100% used [0x000000078b200000,0x000000078da00000,0x000000078da00000)
  from space 6656K, 99% used [0x000000078da00000,0x000000078e07ec98,0x000000078e080000)
  to   space 6656K, 0% used [0x000000078e080000,0x000000078e080000,0x000000078e700000)
 ParOldGen       total 109568K, used 650K [0x0000000721600000, 0x0000000728100000, 0x000000078b200000)
  object space 109568K, 0% used [0x0000000721600000,0x00000007216a2ab8,0x0000000728100000)
 Metaspace       used 18426K, capacity 19196K, committed 19328K, reserved 1067008K
  class space    used 2463K, capacity 2652K, committed 2688K, reserved 1048576K
Event: 13.154 GC heap after
Heap after GC invocations=4 (full 0):
 PSYoungGen      total 47616K, used 6636K [0x000000078b200000, 0x000000078e700000, 0x00000007c0000000)
  eden space 40960K, 0% used [0x000000078b200000,0x000000078b200000,0x000000078da00000)
  from space 6656K, 99% used [0x000000078e080000,0x000000078e6fb278,0x000000078e700000)
  to   space 6656K, 0% used [0x000000078da00000,0x000000078da00000,0x000000078e080000)
 ParOldGen       total 109568K, used 932K [0x0000000721600000, 0x0000000728100000, 0x000000078b200000)
  object space 109568K, 0% used [0x0000000721600000,0x00000007216e93c8,0x0000000728100000)
 Metaspace       used 18426K, capacity 19196K, committed 19328K, reserved 1067008K
  class space    used 2463K, capacity 2652K, committed 2688K, reserved 1048576K
}

Deoptimization events (10 events):
Event: 12.638 Thread 0x0000000003207000 Uncommon trap: reason=range_check action=none pc=0x00000000036594e4 method=sun.reflect.generics.parser.SignatureParser.current()C @ 34
Event: 12.639 Thread 0x0000000003207000 Uncommon trap: reason=range_check action=none pc=0x00000000036594e4 method=sun.reflect.generics.parser.SignatureParser.current()C @ 34
Event: 12.639 Thread 0x0000000003207000 Uncommon trap: reason=range_check action=none pc=0x00000000036594e4 method=sun.reflect.generics.parser.SignatureParser.current()C @ 34
Event: 12.639 Thread 0x0000000003207000 Uncommon trap: reason=range_check action=none pc=0x00000000036594e4 method=sun.reflect.generics.parser.SignatureParser.current()C @ 34
Event: 12.640 Thread 0x0000000003207000 Uncommon trap: reason=range_check action=none pc=0x00000000036594e4 method=sun.reflect.generics.parser.SignatureParser.current()C @ 34
Event: 12.642 Thread 0x0000000003207000 Uncommon trap: reason=range_check action=none pc=0x00000000036594e4 method=sun.reflect.generics.parser.SignatureParser.current()C @ 34
Event: 12.643 Thread 0x0000000003207000 Uncommon trap: reason=range_check action=none pc=0x00000000036594e4 method=sun.reflect.generics.parser.SignatureParser.current()C @ 34
Event: 12.644 Thread 0x0000000003207000 Uncommon trap: reason=range_check action=none pc=0x00000000036594e4 method=sun.reflect.generics.parser.SignatureParser.current()C @ 34
Event: 12.645 Thread 0x0000000003207000 Uncommon trap: reason=range_check action=none pc=0x00000000036594e4 method=sun.reflect.generics.parser.SignatureParser.current()C @ 34
Event: 12.646 Thread 0x0000000003207000 Uncommon trap: reason=range_check action=none pc=0x00000000036594e4 method=sun.reflect.generics.parser.SignatureParser.current()C @ 34

Classes redefined (5 events):
Event: 2985.797 Thread 0x00000000190c7800 redefined class name=step_definition.TeamsSteps, count=1
Event: 3052.462 Thread 0x00000000190c7800 redefined class name=step_definition.TeamsSteps, count=2
Event: 3079.700 Thread 0x00000000190c7800 redefined class name=step_definition.TeamsSteps, count=3
Event: 3121.518 Thread 0x00000000190c7800 redefined class name=step_definition.TeamsSteps, count=4
Event: 3132.847 Thread 0x00000000190c7800 redefined class name=step_definition.TeamsSteps, count=5

Internal exceptions (10 events):
Event: 13.034 Thread 0x0000000003207000 Exception <a 'java/net/SocketTimeoutException': Read timed out> (0x000000078d114c58) thrown at [C:\re\workspace\8-2-build-windows-amd64-cygwin\jdk8u181\11358\hotspot\src\share\vm\prims\jni.cpp, line 735]
Event: 13.066 Thread 0x0000000003207000 Exception <a 'java/net/SocketTimeoutException': Read timed out> (0x000000078d4efd20) thrown at [C:\re\workspace\8-2-build-windows-amd64-cygwin\jdk8u181\11358\hotspot\src\share\vm\prims\jni.cpp, line 735]
Event: 13.098 Thread 0x0000000003207000 Exception <a 'java/net/SocketTimeoutException': Read timed out> (0x000000078d55b250) thrown at [C:\re\workspace\8-2-build-windows-amd64-cygwin\jdk8u181\11358\hotspot\src\share\vm\prims\jni.cpp, line 735]
Event: 13.130 Thread 0x0000000003207000 Exception <a 'java/net/SocketTimeoutException': Read timed out> (0x000000078d991798) thrown at [C:\re\workspace\8-2-build-windows-amd64-cygwin\jdk8u181\11358\hotspot\src\share\vm\prims\jni.cpp, line 735]
Event: 13.162 Thread 0x0000000003207000 Exception <a 'java/net/SocketTimeoutException': Read timed out> (0x000000078b211238) thrown at [C:\re\workspace\8-2-build-windows-amd64-cygwin\jdk8u181\11358\hotspot\src\share\vm\prims\jni.cpp, line 735]
Event: 13.192 Thread 0x0000000003207000 Exception <a 'java/net/SocketTimeoutException': Read timed out> (0x000000078b6444c0) thrown at [C:\re\workspace\8-2-build-windows-amd64-cygwin\jdk8u181\11358\hotspot\src\share\vm\prims\jni.cpp, line 735]
Event: 16.251 Thread 0x0000000003207000 Exception <a 'java/net/SocketTimeoutException': Read timed out> (0x000000078b6953e0) thrown at [C:\re\workspace\8-2-build-windows-amd64-cygwin\jdk8u181\11358\hotspot\src\share\vm\prims\jni.cpp, line 735]
Event: 25.182 Thread 0x0000000003207000 Exception <a 'java/net/SocketTimeoutException': Read timed out> (0x000000078b765908) thrown at [C:\re\workspace\8-2-build-windows-amd64-cygwin\jdk8u181\11358\hotspot\src\share\vm\prims\jni.cpp, line 735]
Event: 33.986 Thread 0x0000000003207000 Exception <a 'java/net/SocketTimeoutException': Read timed out> (0x000000078b7953e0) thrown at [C:\re\workspace\8-2-build-windows-amd64-cygwin\jdk8u181\11358\hotspot\src\share\vm\prims\jni.cpp, line 735]
Event: 34.176 Thread 0x0000000003207000 Exception <a 'java/net/SocketTimeoutException': Read timed out> (0x000000078b7b3518) thrown at [C:\re\workspace\8-2-build-windows-amd64-cygwin\jdk8u181\11358\hotspot\src\share\vm\prims\jni.cpp, line 735]

Events (10 events):
Event: 3132.847 Executing VM operation: RedefineClasses done
Event: 3132.870 Executing VM operation: ChangeBreakpoints
Event: 3132.871 Executing VM operation: ChangeBreakpoints done
Event: 3132.872 Executing VM operation: ChangeBreakpoints
Event: 3132.874 Executing VM operation: ChangeBreakpoints done
Event: 3132.913 Executing VM operation: GetOwnedMonitorInfo
Event: 3132.913 Executing VM operation: GetOwnedMonitorInfo done
Event: 3132.914 Executing VM operation: GetCurrentContendedMonitor
Event: 3132.914 Executing VM operation: GetCurrentContendedMonitor done
Event: 3411.951 Executing VM operation: GetOrSetLocal


Dynamic libraries:
0x00007ff641750000 - 0x00007ff641787000 	C:\Program Files\Java\jdk1.8.0_181\bin\javaw.exe
0x00007ff982610000 - 0x00007ff982805000 	C:\Windows\SYSTEM32\ntdll.dll
0x00007ff980e90000 - 0x00007ff980f4e000 	C:\Windows\System32\KERNEL32.DLL
0x00007ff980160000 - 0x00007ff980429000 	C:\Windows\System32\KERNELBASE.dll
0x00007ff982520000 - 0x00007ff9825cc000 	C:\Windows\System32\ADVAPI32.dll
0x00007ff980660000 - 0x00007ff9806fe000 	C:\Windows\System32\msvcrt.dll
0x00007ff980f50000 - 0x00007ff980feb000 	C:\Windows\System32\sechost.dll
0x00007ff982380000 - 0x00007ff9824aa000 	C:\Windows\System32\RPCRT4.dll
0x00007ff981560000 - 0x00007ff981701000 	C:\Windows\System32\USER32.dll
0x00007ff97fd30000 - 0x00007ff97fd52000 	C:\Windows\System32\win32u.dll
0x00007ff982350000 - 0x00007ff98237b000 	C:\Windows\System32\GDI32.dll
0x00007ff980050000 - 0x00007ff98015b000 	C:\Windows\System32\gdi32full.dll
0x00007ff9805c0000 - 0x00007ff98065d000 	C:\Windows\System32\msvcp_win.dll
0x00007ff9804c0000 - 0x00007ff9805c0000 	C:\Windows\System32\ucrtbase.dll
0x00007ff971560000 - 0x00007ff9717fa000 	C:\Windows\WinSxS\amd64_microsoft.windows.common-controls_6595b64144ccf1df_6.0.19041.1110_none_60b5254171f9507e\COMCTL32.dll
0x00007ff980ba0000 - 0x00007ff980bd0000 	C:\Windows\System32\IMM32.DLL
0x0000000068270000 - 0x0000000068342000 	C:\Program Files\Java\jdk1.8.0_181\jre\bin\msvcr100.dll
0x0000000067890000 - 0x0000000068132000 	C:\Program Files\Java\jdk1.8.0_181\jre\bin\server\jvm.dll
0x00007ff981480000 - 0x00007ff981488000 	C:\Windows\System32\PSAPI.DLL
0x00007ff971b80000 - 0x00007ff971ba7000 	C:\Windows\SYSTEM32\WINMM.dll
0x00007ff977280000 - 0x00007ff97728a000 	C:\Windows\SYSTEM32\VERSION.dll
0x00007ff977ef0000 - 0x00007ff977ef9000 	C:\Windows\SYSTEM32\WSOCK32.dll
0x00007ff9824b0000 - 0x00007ff98251b000 	C:\Windows\System32\ws2_32.DLL
0x0000000068240000 - 0x000000006824f000 	C:\Program Files\Java\jdk1.8.0_181\jre\bin\verify.dll
0x0000000068210000 - 0x0000000068239000 	C:\Program Files\Java\jdk1.8.0_181\jre\bin\java.dll
0x0000000067850000 - 0x0000000067885000 	C:\Program Files\Java\jdk1.8.0_181\jre\bin\jdwp.dll
0x0000000068200000 - 0x0000000068208000 	C:\Program Files\Java\jdk1.8.0_181\jre\bin\npt.dll
0x0000000067820000 - 0x0000000067843000 	C:\Program Files\Java\jdk1.8.0_181\jre\bin\instrument.dll
0x0000000067800000 - 0x0000000067816000 	C:\Program Files\Java\jdk1.8.0_181\jre\bin\zip.dll
0x00007ff981ad0000 - 0x00007ff98220f000 	C:\Windows\System32\SHELL32.dll
0x00007ff97de10000 - 0x00007ff97e5a0000 	C:\Windows\SYSTEM32\windows.storage.dll
0x00007ff981120000 - 0x00007ff981475000 	C:\Windows\System32\combase.dll
0x00007ff97f780000 - 0x00007ff97f7ac000 	C:\Windows\SYSTEM32\Wldp.dll
0x00007ff980de0000 - 0x00007ff980e8e000 	C:\Windows\System32\SHCORE.dll
0x00007ff981010000 - 0x00007ff981065000 	C:\Windows\System32\shlwapi.dll
0x00007ff97fc70000 - 0x00007ff97fc8f000 	C:\Windows\SYSTEM32\profapi.dll
0x00000000677f0000 - 0x00000000677f9000 	C:\Program Files\Java\jdk1.8.0_181\jre\bin\dt_socket.dll
0x00007ff96cb80000 - 0x00007ff96cb97000 	C:\Windows\system32\napinsp.dll
0x00007ff96aed0000 - 0x00007ff96aeeb000 	C:\Windows\system32\pnrpnsp.dll
0x00007ff97a430000 - 0x00007ff97a445000 	C:\Windows\system32\wshbth.dll
0x00007ff97af00000 - 0x00007ff97af1d000 	C:\Windows\system32\NLAapi.dll
0x00007ff97f180000 - 0x00007ff97f1bb000 	C:\Windows\SYSTEM32\IPHLPAPI.DLL
0x00007ff97f4e0000 - 0x00007ff97f54a000 	C:\Windows\System32\mswsock.dll
0x00007ff97f1d0000 - 0x00007ff97f29c000 	C:\Windows\SYSTEM32\DNSAPI.dll
0x00007ff980ff0000 - 0x00007ff980ff8000 	C:\Windows\System32\NSI.dll
0x00007ff96aeb0000 - 0x00007ff96aec2000 	C:\Windows\System32\winrnr.dll
0x00007ff9710b0000 - 0x00007ff97112f000 	C:\Windows\System32\fwpuclnt.dll
0x00007ff980430000 - 0x00007ff980457000 	C:\Windows\System32\bcrypt.dll
0x00007ff970fe0000 - 0x00007ff970fea000 	C:\Windows\System32\rasadhlp.dll
0x00000000677d0000 - 0x00000000677ea000 	C:\Program Files\Java\jdk1.8.0_181\jre\bin\net.dll
0x00000000677a0000 - 0x00000000677c4000 	C:\Program Files\Java\jdk1.8.0_181\jre\bin\sunec.dll
0x0000000067790000 - 0x000000006779b000 	C:\Program Files\Java\jdk1.8.0_181\jre\bin\sunmscapi.dll
0x00007ff97fea0000 - 0x00007ff97fff6000 	C:\Windows\System32\CRYPT32.dll
0x00007ff976ce0000 - 0x00007ff976cf7000 	C:\Windows\SYSTEM32\dhcpcsvc6.DLL
0x00007ff977070000 - 0x00007ff97708d000 	C:\Windows\SYSTEM32\dhcpcsvc.DLL
0x0000000067770000 - 0x0000000067781000 	C:\Program Files\Java\jdk1.8.0_181\jre\bin\nio.dll
0x00007ff97f6d0000 - 0x00007ff97f6e8000 	C:\Windows\SYSTEM32\CRYPTSP.dll
0x00007ff97edf0000 - 0x00007ff97ee24000 	C:\Windows\system32\rsaenh.dll
0x00007ff97fbf0000 - 0x00007ff97fc1e000 	C:\Windows\SYSTEM32\USERENV.dll
0x00007ff97fe10000 - 0x00007ff97fe93000 	C:\Windows\System32\bcryptprimitives.dll
0x00007ff97f6f0000 - 0x00007ff97f6fc000 	C:\Windows\SYSTEM32\CRYPTBASE.dll
0x00007ff97db30000 - 0x00007ff97dd14000 	C:\Windows\SYSTEM32\dbghelp.dll

VM Arguments:
jvm_args: -agentlib:jdwp=transport=dt_socket,suspend=y,address=localhost:49905 -ea -javaagent:C:\Users\user\eclipse\java-2021-03\eclipse\configuration\org.eclipse.osgi\222\0\.cp\lib\javaagent-shaded.jar -Dfile.encoding=UTF-8 
java_command: org.eclipse.jdt.internal.junit.runner.RemoteTestRunner -version 3 -port 62615 -testLoaderClass org.eclipse.jdt.internal.junit4.runner.JUnit4TestLoader -loaderpluginname org.eclipse.jdt.junit4.runtime -testNameFile C:\Users\user\AppData\Local\Temp\testNames1135647696243410064.txt
java_class_path (initial): C:\Users\user\eclipse-workspace\CicleApp\target\test-classes;C:\Users\user\eclipse-workspace\CicleApp\target\classes;C:\Users\user\.m2\repository\info\cukes\cucumber-java\1.2.5\cucumber-java-1.2.5.jar;C:\Users\user\.m2\repository\info\cukes\cucumber-core\1.2.5\cucumber-core-1.2.5.jar;C:\Users\user\.m2\repository\info\cukes\cucumber-html\0.2.3\cucumber-html-0.2.3.jar;C:\Users\user\.m2\repository\info\cukes\cucumber-jvm-deps\1.0.5\cucumber-jvm-deps-1.0.5.jar;C:\Users\user\.m2\repository\info\cukes\gherkin\2.12.2\gherkin-2.12.2.jar;C:\Users\user\.m2\repository\info\cukes\cucumber-junit\1.2.5\cucumber-junit-1.2.5.jar;C:\Users\user\.m2\repository\org\seleniumhq\selenium\selenium-java\3.141.59\selenium-java-3.141.59.jar;C:\Users\user\.m2\repository\org\seleniumhq\selenium\selenium-api\3.141.59\selenium-api-3.141.59.jar;C:\Users\user\.m2\repository\org\seleniumhq\selenium\selenium-chrome-driver\3.141.59\selenium-chrome-driver-3.141.59.jar;C:\Users\user\.m2\repository\org\seleniumhq\selenium\selenium-edge-driver\3.141.59\selenium-edge-driver-3.141.59.jar;C:\Users\user\.m2\repository\org\seleniumhq\selenium\selenium-firefox-driver\3.141.59\selenium-firefox-driver-3.141.59.jar;C:\Users\user\.m2\repository\org\seleniumhq\selenium\selenium-ie-driver\3.141.59\selenium-ie-driver-3.141.59.jar;C:\Users\user\.m2\repository\org\seleniumhq\selenium\selenium-opera-driver\3.141.59\selenium-opera-driver-3.141.59.jar;C:\Users\user\.m2\repository\org\seleniumhq\selenium\selenium-remote-driver\3.141.59\selenium-remote-driver-3.141.59.jar;C:\Users\user\.m2\repository\org\seleniumhq\selenium\selenium-safari-driver\3.141.59\selenium-safari-driver-3.141.59.jar;C:\Users\user\.m2\repository\org\seleniumhq\selenium\selenium-support\3.141.59\selenium-support-3.141.59.jar;C:\Users\user\.m2\repository\net\bytebuddy\byte-buddy\1.8.15\byte-buddy-1.8.15.jar;C:\Users\user\.m2\repository\org\apache\commons\commons-exec\1.3\commons-exec-1.3.jar;C:\Users\user\.m2\repository\com\
Launcher Type: SUN_STANDARD

Environment Variables:
JAVA_HOME=C:\Program Files\Java\jdk1.8.0_181
PATH=C:\Program Files\Java\jdk1.8.0_181\jre\bin;C:/Users/user/.p2/pool/plugins/org.eclipse.justj.openjdk.hotspot.jre.full.win32.x86_64_15.0.2.v20210201-0955/jre/bin/server;C:/Users/user/.p2/pool/plugins/org.eclipse.justj.openjdk.hotspot.jre.full.win32.x86_64_15.0.2.v20210201-0955/jre/bin;C:\Python27\;C:\Python27\Scripts;C:\Program Files (x86)\Common Files\Oracle\Java\javapath;C:\Program Files (x86)\Common Files\Intel\Shared Files\cpp\bin\Intel64;C:\Windows\system32;C:\Windows;C:\Windows\System32\Wbem;C:\Windows\System32\WindowsPowerShell\v1.0\;C:\Windows\System32\OpenSSH\;C:\Program Files (x86)\NVIDIA Corporation\PhysX\Common;C:\Program Files\Java\jdk1.8.0_181\bin;C:\apache-maven-3.8.1-bin\apache-maven-3.8.1\bin;C:\Program Files\Git\cmd;C:\Program Files\nodejs\;C:\Users\user\.katalon\tools\android_sdk\platform-tools;C:\Users\user\.katalon\tools\android_sdk\bin;JAVA_HOME\bin;C:\Users\user\AppData\Local\Microsoft\WindowsApps;C:\Users\user\AppData\Roaming\npm;C:\Program Files\Java\jdk1.8.0_181\bin;;C:\Windows\System32;
USERNAME=user
OS=Windows_NT
PROCESSOR_IDENTIFIER=Intel64 Family 6 Model 69 Stepping 1, GenuineIntel



---------------  S Y S T E M  ---------------

OS: Windows 10.0 , 64 bit Build 19041 (10.0.19041.1202)

CPU:total 4 (initial active 4) (2 cores per cpu, 2 threads per core) family 6 model 69 stepping 1, cmov, cx8, fxsr, mmx, sse, sse2, sse3, ssse3, sse4.1, sse4.2, popcnt, avx, avx2, aes, clmul, erms, lzcnt, ht, tsc, tscinvbit, bmi1, bmi2

Memory: 4k page, physical 10388900k(3971808k free), swap 17204644k(7527880k free)

vm_info: Java HotSpot(TM) 64-Bit Server VM (25.181-b13) for windows-amd64 JRE (1.8.0_181-b13), built on Jul  7 2018 04:01:33 by "java_re" with MS VC++ 10.0 (VS2010)

time: Wed Oct 13 19:32:01 2021
elapsed time: 3412 seconds (0d 0h 56m 52s)

